This file contains any messages produced by compilers while
running configure, to aid debugging if configure makes a mistake.

It was created by fuego-net configure 0.1, which was
generated by GNU Autoconf 2.69.  Invocation command line was

  $ ./configure --no-create --no-recursion

## --------- ##
## Platform. ##
## --------- ##

hostname = cabelo.oichman.net
uname -m = x86_64
uname -r = 3.19.7-200.fc21.x86_64
uname -s = Linux
uname -v = #1 SMP Thu May 7 22:00:21 UTC 2015

/usr/bin/uname -p = x86_64
/bin/uname -X     = unknown

/bin/arch              = x86_64
/usr/bin/arch -k       = unknown
/usr/convex/getsysinfo = unknown
/usr/bin/hostinfo      = unknown
/bin/machine           = unknown
/usr/bin/oslevel       = unknown
/bin/universe          = unknown

PATH: /usr/kerberos/sbin
PATH: /usr/kerberos/bin
PATH: /usr/lib64/ccache
PATH: /usr/local/bin
PATH: /usr/bin
PATH: /bin
PATH: /usr/local/sbin
PATH: /usr/sbin
PATH: /home/oren/.local/bin
PATH: /home/oren/bin


## ----------- ##
## Core tests. ##
## ----------- ##

configure:2269: checking for a BSD-compatible install
configure:2337: result: /usr/bin/install -c
configure:2348: checking whether build environment is sane
configure:2403: result: yes
configure:2441: WARNING: 'missing' script is too old or missing
configure:2554: checking for a thread-safe mkdir -p
configure:2593: result: /usr/bin/mkdir -p
configure:2600: checking for gawk
configure:2616: found /usr/bin/gawk
configure:2627: result: gawk
configure:2638: checking whether make sets $(MAKE)
configure:2660: result: yes
configure:2689: checking whether make supports nested variables
configure:2706: result: yes
configure:2864: checking build system type
configure:2878: result: x86_64-unknown-linux-gnu
configure:2898: checking host system type
configure:2911: result: x86_64-unknown-linux-gnu
configure:2952: checking how to print strings
configure:2979: result: printf
configure:3012: checking for style of include used by make
configure:3040: result: GNU
configure:3111: checking for gcc
configure:3127: found /usr/lib64/ccache/gcc
configure:3138: result: gcc
configure:3367: checking for C compiler version
configure:3376: gcc --version >&5
gcc (GCC) 4.9.2 20150212 (Red Hat 4.9.2-6)
Copyright (C) 2014 Free Software Foundation, Inc.
This is free software; see the source for copying conditions.  There is NO
warranty; not even for MERCHANTABILITY or FITNESS FOR A PARTICULAR PURPOSE.

configure:3387: $? = 0
configure:3376: gcc -v >&5
Using built-in specs.
COLLECT_GCC=/usr/bin/gcc
COLLECT_LTO_WRAPPER=/usr/libexec/gcc/x86_64-redhat-linux/4.9.2/lto-wrapper
Target: x86_64-redhat-linux
Configured with: ../configure --prefix=/usr --mandir=/usr/share/man --infodir=/usr/share/info --with-bugurl=http://bugzilla.redhat.com/bugzilla --enable-bootstrap --enable-shared --enable-threads=posix --enable-checking=release --enable-multilib --with-system-zlib --enable-__cxa_atexit --disable-libunwind-exceptions --enable-gnu-unique-object --enable-linker-build-id --with-linker-hash-style=gnu --enable-languages=c,c++,objc,obj-c++,fortran,ada,go,lto --enable-plugin --enable-initfini-array --disable-libgcj --with-isl=/builddir/build/BUILD/gcc-4.9.2-20150212/obj-x86_64-redhat-linux/isl-install --with-cloog=/builddir/build/BUILD/gcc-4.9.2-20150212/obj-x86_64-redhat-linux/cloog-install --enable-gnu-indirect-function --with-tune=generic --with-arch_32=i686 --build=x86_64-redhat-linux
Thread model: posix
gcc version 4.9.2 20150212 (Red Hat 4.9.2-6) (GCC) 
configure:3387: $? = 0
configure:3376: gcc -V >&5
gcc: error: unrecognized command line option '-V'
gcc: fatal error: no input files
compilation terminated.
configure:3387: $? = 4
configure:3376: gcc -qversion >&5
gcc: error: unrecognized command line option '-qversion'
gcc: fatal error: no input files
compilation terminated.
configure:3387: $? = 4
configure:3407: checking whether the C compiler works
configure:3429: gcc    conftest.c  >&5
configure:3433: $? = 0
configure:3481: result: yes
configure:3484: checking for C compiler default output file name
configure:3486: result: a.out
configure:3492: checking for suffix of executables
configure:3499: gcc -o conftest    conftest.c  >&5
configure:3503: $? = 0
configure:3525: result: 
configure:3547: checking whether we are cross compiling
configure:3555: gcc -o conftest    conftest.c  >&5
configure:3559: $? = 0
configure:3566: ./conftest
configure:3570: $? = 0
configure:3585: result: no
configure:3590: checking for suffix of object files
configure:3612: gcc -c   conftest.c >&5
configure:3616: $? = 0
configure:3637: result: o
configure:3641: checking whether we are using the GNU C compiler
configure:3660: gcc -c   conftest.c >&5
configure:3660: $? = 0
configure:3669: result: yes
configure:3678: checking whether gcc accepts -g
configure:3698: gcc -c -g  conftest.c >&5
configure:3698: $? = 0
configure:3739: result: yes
configure:3756: checking for gcc option to accept ISO C89
configure:3819: gcc  -c -g -O2  conftest.c >&5
configure:3819: $? = 0
configure:3832: result: none needed
configure:3857: checking whether gcc understands -c and -o together
configure:3879: gcc -c conftest.c -o conftest2.o
configure:3882: $? = 0
configure:3879: gcc -c conftest.c -o conftest2.o
configure:3882: $? = 0
configure:3894: result: yes
configure:3913: checking dependency style of gcc
configure:4024: result: gcc3
configure:4039: checking for a sed that does not truncate output
configure:4103: result: /usr/bin/sed
configure:4121: checking for grep that handles long lines and -e
configure:4179: result: /usr/bin/grep
configure:4184: checking for egrep
configure:4246: result: /usr/bin/grep -E
configure:4251: checking for fgrep
configure:4313: result: /usr/bin/grep -F
configure:4348: checking for ld used by gcc
configure:4415: result: /usr/bin/ld
configure:4422: checking if the linker (/usr/bin/ld) is GNU ld
configure:4437: result: yes
configure:4449: checking for BSD- or MS-compatible name lister (nm)
configure:4498: result: /usr/bin/nm -B
configure:4628: checking the name lister (/usr/bin/nm -B) interface
configure:4635: gcc -c -g -O2  conftest.c >&5
configure:4638: /usr/bin/nm -B "conftest.o"
configure:4641: output
0000000000000000 B some_variable
configure:4648: result: BSD nm
configure:4651: checking whether ln -s works
configure:4655: result: yes
configure:4663: checking the maximum length of command line arguments
configure:4793: result: 1572864
configure:4810: checking whether the shell understands some XSI constructs
configure:4820: result: yes
configure:4824: checking whether the shell understands "+="
configure:4830: result: yes
configure:4865: checking how to convert x86_64-unknown-linux-gnu file names to x86_64-unknown-linux-gnu format
configure:4905: result: func_convert_file_noop
configure:4912: checking how to convert x86_64-unknown-linux-gnu file names to toolchain format
configure:4932: result: func_convert_file_noop
configure:4939: checking for /usr/bin/ld option to reload object files
configure:4946: result: -r
configure:5020: checking for objdump
configure:5036: found /usr/bin/objdump
configure:5047: result: objdump
configure:5079: checking how to recognize dependent libraries
configure:5281: result: pass_all
configure:5366: checking for dlltool
configure:5396: result: no
configure:5426: checking how to associate runtime and link libraries
configure:5453: result: printf %s\n
configure:5514: checking for ar
configure:5530: found /usr/bin/ar
configure:5541: result: ar
configure:5578: checking for archiver @FILE support
configure:5595: gcc -c -g -O2  conftest.c >&5
configure:5595: $? = 0
configure:5598: ar cru libconftest.a @conftest.lst >&5
configure:5601: $? = 0
configure:5606: ar cru libconftest.a @conftest.lst >&5
ar: conftest.o: No such file or directory
configure:5609: $? = 1
configure:5621: result: @
configure:5679: checking for strip
configure:5695: found /usr/bin/strip
configure:5706: result: strip
configure:5778: checking for ranlib
configure:5794: found /usr/bin/ranlib
configure:5805: result: ranlib
configure:5907: checking command to parse /usr/bin/nm -B output from gcc object
configure:6027: gcc -c -g -O2  conftest.c >&5
configure:6030: $? = 0
configure:6034: /usr/bin/nm -B conftest.o \| sed -n -e 's/^.*[ ]\([ABCDGIRSTW][ABCDGIRSTW]*\)[ ][ ]*\([_A-Za-z][_A-Za-z0-9]*\)$/\1 \2 \2/p' | sed '/ __gnu_lto/d' \> conftest.nm
configure:6037: $? = 0
configure:6103: gcc -o conftest -g -O2   conftest.c conftstm.o >&5
configure:6106: $? = 0
configure:6144: result: ok
configure:6181: checking for sysroot
configure:6211: result: no
configure:6288: gcc -c -g -O2  conftest.c >&5
configure:6291: $? = 0
configure:6467: checking for mt
configure:6497: result: no
configure:6517: checking if : is a manifest tool
configure:6523: : '-?'
configure:6531: result: no
configure:7173: checking how to run the C preprocessor
configure:7204: gcc -E  conftest.c
configure:7204: $? = 0
configure:7218: gcc -E  conftest.c
conftest.c:11:28: fatal error: ac_nonexistent.h: No such file or directory
 #include <ac_nonexistent.h>
                            ^
compilation terminated.
configure:7218: $? = 1
configure: failed program was:
| /* confdefs.h */
| #define PACKAGE_NAME "fuego-net"
| #define PACKAGE_TARNAME "fuego-net"
| #define PACKAGE_VERSION "0.1"
| #define PACKAGE_STRING "fuego-net 0.1"
| #define PACKAGE_BUGREPORT "two.oes@gmail.com"
| #define PACKAGE_URL ""
| #define PACKAGE "fuego-net"
| #define VERSION "0.1"
| /* end confdefs.h.  */
| #include <ac_nonexistent.h>
configure:7243: result: gcc -E
configure:7263: gcc -E  conftest.c
configure:7263: $? = 0
configure:7277: gcc -E  conftest.c
conftest.c:11:28: fatal error: ac_nonexistent.h: No such file or directory
 #include <ac_nonexistent.h>
                            ^
compilation terminated.
configure:7277: $? = 1
configure: failed program was:
| /* confdefs.h */
| #define PACKAGE_NAME "fuego-net"
| #define PACKAGE_TARNAME "fuego-net"
| #define PACKAGE_VERSION "0.1"
| #define PACKAGE_STRING "fuego-net 0.1"
| #define PACKAGE_BUGREPORT "two.oes@gmail.com"
| #define PACKAGE_URL ""
| #define PACKAGE "fuego-net"
| #define VERSION "0.1"
| /* end confdefs.h.  */
| #include <ac_nonexistent.h>
configure:7306: checking for ANSI C header files
configure:7326: gcc -c -g -O2  conftest.c >&5
configure:7326: $? = 0
configure:7399: gcc -o conftest -g -O2   conftest.c  >&5
configure:7399: $? = 0
configure:7399: ./conftest
configure:7399: $? = 0
configure:7410: result: yes
configure:7423: checking for sys/types.h
configure:7423: gcc -c -g -O2  conftest.c >&5
configure:7423: $? = 0
configure:7423: result: yes
configure:7423: checking for sys/stat.h
configure:7423: gcc -c -g -O2  conftest.c >&5
configure:7423: $? = 0
configure:7423: result: yes
configure:7423: checking for stdlib.h
configure:7423: gcc -c -g -O2  conftest.c >&5
configure:7423: $? = 0
configure:7423: result: yes
configure:7423: checking for string.h
configure:7423: gcc -c -g -O2  conftest.c >&5
configure:7423: $? = 0
configure:7423: result: yes
configure:7423: checking for memory.h
configure:7423: gcc -c -g -O2  conftest.c >&5
configure:7423: $? = 0
configure:7423: result: yes
configure:7423: checking for strings.h
configure:7423: gcc -c -g -O2  conftest.c >&5
configure:7423: $? = 0
configure:7423: result: yes
configure:7423: checking for inttypes.h
configure:7423: gcc -c -g -O2  conftest.c >&5
configure:7423: $? = 0
configure:7423: result: yes
configure:7423: checking for stdint.h
configure:7423: gcc -c -g -O2  conftest.c >&5
configure:7423: $? = 0
configure:7423: result: yes
configure:7423: checking for unistd.h
configure:7423: gcc -c -g -O2  conftest.c >&5
configure:7423: $? = 0
configure:7423: result: yes
configure:7437: checking for dlfcn.h
configure:7437: gcc -c -g -O2  conftest.c >&5
configure:7437: $? = 0
configure:7437: result: yes
configure:7642: checking for objdir
configure:7657: result: .libs
configure:7928: checking if gcc supports -fno-rtti -fno-exceptions
configure:7946: gcc -c -g -O2  -fno-rtti -fno-exceptions conftest.c >&5
cc1: warning: command line option '-fno-rtti' is valid for C++/ObjC++ but not for C
cc1: warning: command line option '-fno-rtti' is valid for C++/ObjC++ but not for C
configure:7950: $? = 0
configure:7963: result: no
configure:8290: checking for gcc option to produce PIC
configure:8297: result: -fPIC -DPIC
configure:8305: checking if gcc PIC flag -fPIC -DPIC works
configure:8323: gcc -c -g -O2  -fPIC -DPIC -DPIC conftest.c >&5
configure:8327: $? = 0
configure:8340: result: yes
configure:8369: checking if gcc static flag -static works
configure:8397: result: yes
configure:8412: checking if gcc supports -c -o file.o
configure:8433: gcc -c -g -O2  -o out/conftest2.o conftest.c >&5
configure:8437: $? = 0
configure:8459: result: yes
configure:8467: checking if gcc supports -c -o file.o
configure:8514: result: yes
configure:8547: checking whether the gcc linker (/usr/bin/ld -m elf_x86_64) supports shared libraries
configure:9700: result: yes
configure:9737: checking whether -lc should be explicitly linked in
configure:9745: gcc -c -g -O2  conftest.c >&5
configure:9748: $? = 0
configure:9763: gcc -shared  -fPIC -DPIC conftest.o  -v -Wl,-soname -Wl,conftest -o conftest 2\>\&1 \| /usr/bin/grep  -lc  \>/dev/null 2\>\&1
configure:9766: $? = 0
configure:9780: result: no
configure:9940: checking dynamic linker characteristics
configure:10451: gcc -o conftest -g -O2   -Wl,-rpath -Wl,/foo conftest.c  >&5
configure:10451: $? = 0
configure:10677: result: GNU/Linux ld.so
configure:10784: checking how to hardcode library paths into programs
configure:10809: result: immediate
configure:10903: checking for shl_load
configure:10903: gcc -o conftest -g -O2   conftest.c  >&5
/tmp/cchbs846.o: In function `main':
/home/oren/Dropbox/projects/fuegonet/conftest.c:57: undefined reference to `shl_load'
collect2: error: ld returned 1 exit status
configure:10903: $? = 1
configure: failed program was:
| /* confdefs.h */
| #define PACKAGE_NAME "fuego-net"
| #define PACKAGE_TARNAME "fuego-net"
| #define PACKAGE_VERSION "0.1"
| #define PACKAGE_STRING "fuego-net 0.1"
| #define PACKAGE_BUGREPORT "two.oes@gmail.com"
| #define PACKAGE_URL ""
| #define PACKAGE "fuego-net"
| #define VERSION "0.1"
| #define STDC_HEADERS 1
| #define HAVE_SYS_TYPES_H 1
| #define HAVE_SYS_STAT_H 1
| #define HAVE_STDLIB_H 1
| #define HAVE_STRING_H 1
| #define HAVE_MEMORY_H 1
| #define HAVE_STRINGS_H 1
| #define HAVE_INTTYPES_H 1
| #define HAVE_STDINT_H 1
| #define HAVE_UNISTD_H 1
| #define HAVE_DLFCN_H 1
| #define LT_OBJDIR ".libs/"
| /* end confdefs.h.  */
| /* Define shl_load to an innocuous variant, in case <limits.h> declares shl_load.
|    For example, HP-UX 11i <limits.h> declares gettimeofday.  */
| #define shl_load innocuous_shl_load
| 
| /* System header to define __stub macros and hopefully few prototypes,
|     which can conflict with char shl_load (); below.
|     Prefer <limits.h> to <assert.h> if __STDC__ is defined, since
|     <limits.h> exists even on freestanding compilers.  */
| 
| #ifdef __STDC__
| # include <limits.h>
| #else
| # include <assert.h>
| #endif
| 
| #undef shl_load
| 
| /* Override any GCC internal prototype to avoid an error.
|    Use char because int might match the return type of a GCC
|    builtin and then its argument prototype would still apply.  */
| #ifdef __cplusplus
| extern "C"
| #endif
| char shl_load ();
| /* The GNU C library defines this for functions which it implements
|     to always fail with ENOSYS.  Some functions are actually named
|     something starting with __ and the normal name is an alias.  */
| #if defined __stub_shl_load || defined __stub___shl_load
| choke me
| #endif
| 
| int
| main ()
| {
| return shl_load ();
|   ;
|   return 0;
| }
configure:10903: result: no
configure:10907: checking for shl_load in -ldld
configure:10932: gcc -o conftest -g -O2   conftest.c -ldld   >&5
/usr/bin/ld: cannot find -ldld
collect2: error: ld returned 1 exit status
configure:10932: $? = 1
configure: failed program was:
| /* confdefs.h */
| #define PACKAGE_NAME "fuego-net"
| #define PACKAGE_TARNAME "fuego-net"
| #define PACKAGE_VERSION "0.1"
| #define PACKAGE_STRING "fuego-net 0.1"
| #define PACKAGE_BUGREPORT "two.oes@gmail.com"
| #define PACKAGE_URL ""
| #define PACKAGE "fuego-net"
| #define VERSION "0.1"
| #define STDC_HEADERS 1
| #define HAVE_SYS_TYPES_H 1
| #define HAVE_SYS_STAT_H 1
| #define HAVE_STDLIB_H 1
| #define HAVE_STRING_H 1
| #define HAVE_MEMORY_H 1
| #define HAVE_STRINGS_H 1
| #define HAVE_INTTYPES_H 1
| #define HAVE_STDINT_H 1
| #define HAVE_UNISTD_H 1
| #define HAVE_DLFCN_H 1
| #define LT_OBJDIR ".libs/"
| /* end confdefs.h.  */
| 
| /* Override any GCC internal prototype to avoid an error.
|    Use char because int might match the return type of a GCC
|    builtin and then its argument prototype would still apply.  */
| #ifdef __cplusplus
| extern "C"
| #endif
| char shl_load ();
| int
| main ()
| {
| return shl_load ();
|   ;
|   return 0;
| }
configure:10941: result: no
configure:10946: checking for dlopen
configure:10946: gcc -o conftest -g -O2   conftest.c  >&5
/tmp/ccIAsbna.o: In function `main':
/home/oren/Dropbox/projects/fuegonet/conftest.c:57: undefined reference to `dlopen'
collect2: error: ld returned 1 exit status
configure:10946: $? = 1
configure: failed program was:
| /* confdefs.h */
| #define PACKAGE_NAME "fuego-net"
| #define PACKAGE_TARNAME "fuego-net"
| #define PACKAGE_VERSION "0.1"
| #define PACKAGE_STRING "fuego-net 0.1"
| #define PACKAGE_BUGREPORT "two.oes@gmail.com"
| #define PACKAGE_URL ""
| #define PACKAGE "fuego-net"
| #define VERSION "0.1"
| #define STDC_HEADERS 1
| #define HAVE_SYS_TYPES_H 1
| #define HAVE_SYS_STAT_H 1
| #define HAVE_STDLIB_H 1
| #define HAVE_STRING_H 1
| #define HAVE_MEMORY_H 1
| #define HAVE_STRINGS_H 1
| #define HAVE_INTTYPES_H 1
| #define HAVE_STDINT_H 1
| #define HAVE_UNISTD_H 1
| #define HAVE_DLFCN_H 1
| #define LT_OBJDIR ".libs/"
| /* end confdefs.h.  */
| /* Define dlopen to an innocuous variant, in case <limits.h> declares dlopen.
|    For example, HP-UX 11i <limits.h> declares gettimeofday.  */
| #define dlopen innocuous_dlopen
| 
| /* System header to define __stub macros and hopefully few prototypes,
|     which can conflict with char dlopen (); below.
|     Prefer <limits.h> to <assert.h> if __STDC__ is defined, since
|     <limits.h> exists even on freestanding compilers.  */
| 
| #ifdef __STDC__
| # include <limits.h>
| #else
| # include <assert.h>
| #endif
| 
| #undef dlopen
| 
| /* Override any GCC internal prototype to avoid an error.
|    Use char because int might match the return type of a GCC
|    builtin and then its argument prototype would still apply.  */
| #ifdef __cplusplus
| extern "C"
| #endif
| char dlopen ();
| /* The GNU C library defines this for functions which it implements
|     to always fail with ENOSYS.  Some functions are actually named
|     something starting with __ and the normal name is an alias.  */
| #if defined __stub_dlopen || defined __stub___dlopen
| choke me
| #endif
| 
| int
| main ()
| {
| return dlopen ();
|   ;
|   return 0;
| }
configure:10946: result: no
configure:10950: checking for dlopen in -ldl
configure:10975: gcc -o conftest -g -O2   conftest.c -ldl   >&5
configure:10975: $? = 0
configure:10984: result: yes
configure:11103: checking whether a program can dlopen itself
configure:11183: gcc -o conftest -g -O2  -DHAVE_DLFCN_H  -Wl,--export-dynamic conftest.c -ldl  >&5
configure:11186: $? = 0
configure:11204: result: yes
configure:11209: checking whether a statically linked program can dlopen itself
configure:11289: gcc -o conftest -g -O2  -DHAVE_DLFCN_H  -Wl,--export-dynamic -static conftest.c -ldl  >&5
/tmp/ccB7CcIl.o: In function `main':
/home/oren/Dropbox/projects/fuegonet/configure:11268: warning: Using 'dlopen' in statically linked applications requires at runtime the shared libraries from the glibc version used for linking
/usr/bin/ld: dynamic STT_GNU_IFUNC symbol `strcmp' with pointer equality in `/usr/lib/gcc/x86_64-redhat-linux/4.9.2/../../../../lib64/libc.a(strcmp.o)' can not be used when making an executable; recompile with -fPIE and relink with -pie
collect2: error: ld returned 1 exit status
configure:11292: $? = 1
configure:11310: result: no
configure:11349: checking whether stripping libraries is possible
configure:11354: result: yes
configure:11389: checking if libtool supports shared libraries
configure:11391: result: yes
configure:11394: checking whether to build shared libraries
configure:11415: result: yes
configure:11418: checking whether to build static libraries
configure:11422: result: yes
configure:11513: checking for gcc
configure:11540: result: gcc
configure:11769: checking for C compiler version
configure:11778: gcc --version >&5
gcc (GCC) 4.9.2 20150212 (Red Hat 4.9.2-6)
Copyright (C) 2014 Free Software Foundation, Inc.
This is free software; see the source for copying conditions.  There is NO
warranty; not even for MERCHANTABILITY or FITNESS FOR A PARTICULAR PURPOSE.

configure:11789: $? = 0
configure:11778: gcc -v >&5
Using built-in specs.
COLLECT_GCC=/usr/bin/gcc
COLLECT_LTO_WRAPPER=/usr/libexec/gcc/x86_64-redhat-linux/4.9.2/lto-wrapper
Target: x86_64-redhat-linux
Configured with: ../configure --prefix=/usr --mandir=/usr/share/man --infodir=/usr/share/info --with-bugurl=http://bugzilla.redhat.com/bugzilla --enable-bootstrap --enable-shared --enable-threads=posix --enable-checking=release --enable-multilib --with-system-zlib --enable-__cxa_atexit --disable-libunwind-exceptions --enable-gnu-unique-object --enable-linker-build-id --with-linker-hash-style=gnu --enable-languages=c,c++,objc,obj-c++,fortran,ada,go,lto --enable-plugin --enable-initfini-array --disable-libgcj --with-isl=/builddir/build/BUILD/gcc-4.9.2-20150212/obj-x86_64-redhat-linux/isl-install --with-cloog=/builddir/build/BUILD/gcc-4.9.2-20150212/obj-x86_64-redhat-linux/cloog-install --enable-gnu-indirect-function --with-tune=generic --with-arch_32=i686 --build=x86_64-redhat-linux
Thread model: posix
gcc version 4.9.2 20150212 (Red Hat 4.9.2-6) (GCC) 
configure:11789: $? = 0
configure:11778: gcc -V >&5
gcc: error: unrecognized command line option '-V'
gcc: fatal error: no input files
compilation terminated.
configure:11789: $? = 4
configure:11778: gcc -qversion >&5
gcc: error: unrecognized command line option '-qversion'
gcc: fatal error: no input files
compilation terminated.
configure:11789: $? = 4
configure:11793: checking whether we are using the GNU C compiler
configure:11821: result: yes
configure:11830: checking whether gcc accepts -g
configure:11891: result: yes
configure:11908: checking for gcc option to accept ISO C89
configure:11984: result: none needed
configure:12009: checking whether gcc understands -c and -o together
configure:12046: result: yes
configure:12065: checking dependency style of gcc
configure:12176: result: gcc3
configure:12200: checking libconfig.h usability
configure:12200: gcc -c -g -O2  conftest.c >&5
configure:12200: $? = 0
configure:12200: result: yes
configure:12200: checking libconfig.h presence
configure:12200: gcc -E  conftest.c
configure:12200: $? = 0
configure:12200: result: yes
configure:12200: checking for libconfig.h
configure:12200: result: yes
configure:12200: checking for stdlib.h
configure:12200: result: yes
configure:12200: checking for string.h
configure:12200: result: yes
configure:12200: checking for strings.h
configure:12200: result: yes
configure:12200: checking for unistd.h
configure:12200: result: yes
configure:12265: checking for pkg-config
configure:12283: found /usr/bin/pkg-config
configure:12295: result: /usr/bin/pkg-config
configure:12320: checking pkg-config is at least version 0.9.0
configure:12323: result: yes
configure:12333: checking for LIBCONFIGXX
configure:12340: $PKG_CONFIG --exists --print-errors "libconfig++ >= 1.4"
configure:12343: $? = 0
configure:12357: $PKG_CONFIG --exists --print-errors "libconfig++ >= 1.4"
configure:12360: $? = 0
configure:12398: result: yes
configure:12409: checking for stdlib.h
configure:12409: result: yes
configure:12419: checking for GNU libc compatible malloc
configure:12443: gcc -o conftest -g -O2   conftest.c  >&5
configure:12443: $? = 0
configure:12443: ./conftest
configure:12443: $? = 0
configure:12453: result: yes
configure:12584: checking that generated files are newer than configure
configure:12590: result: done
configure:12617: creating ./config.status
configure:14687: checking that generated files are newer than configure
configure:14693: result: done
configure:14724: creating ./config.status

## ---------------- ##
## Cache variables. ##
## ---------------- ##

ac_cv_build=x86_64-unknown-linux-gnu
ac_cv_c_compiler_gnu=yes
ac_cv_env_CC_set=
ac_cv_env_CC_value=
ac_cv_env_CFLAGS_set=
ac_cv_env_CFLAGS_value=
ac_cv_env_CPPFLAGS_set=
ac_cv_env_CPPFLAGS_value=
ac_cv_env_CPP_set=
ac_cv_env_CPP_value=
ac_cv_env_LDFLAGS_set=
ac_cv_env_LDFLAGS_value=
ac_cv_env_LIBCONFIGXX_CFLAGS_set=
ac_cv_env_LIBCONFIGXX_CFLAGS_value=
ac_cv_env_LIBCONFIGXX_LIBS_set=
ac_cv_env_LIBCONFIGXX_LIBS_value=
ac_cv_env_LIBS_set=
ac_cv_env_LIBS_value=
ac_cv_env_PKG_CONFIG_LIBDIR_set=
ac_cv_env_PKG_CONFIG_LIBDIR_value=
ac_cv_env_PKG_CONFIG_PATH_set=
ac_cv_env_PKG_CONFIG_PATH_value=
ac_cv_env_PKG_CONFIG_set=
ac_cv_env_PKG_CONFIG_value=
ac_cv_env_build_alias_set=
ac_cv_env_build_alias_value=
ac_cv_env_host_alias_set=
ac_cv_env_host_alias_value=
ac_cv_env_target_alias_set=
ac_cv_env_target_alias_value=
ac_cv_func_dlopen=no
ac_cv_func_malloc_0_nonnull=yes
ac_cv_func_shl_load=no
ac_cv_header_dlfcn_h=yes
ac_cv_header_inttypes_h=yes
ac_cv_header_libconfig_h=yes
ac_cv_header_memory_h=yes
ac_cv_header_stdc=yes
ac_cv_header_stdint_h=yes
ac_cv_header_stdlib_h=yes
ac_cv_header_string_h=yes
ac_cv_header_strings_h=yes
ac_cv_header_sys_stat_h=yes
ac_cv_header_sys_types_h=yes
ac_cv_header_unistd_h=yes
ac_cv_host=x86_64-unknown-linux-gnu
ac_cv_lib_dl_dlopen=yes
ac_cv_lib_dld_shl_load=no
ac_cv_objext=o
ac_cv_path_EGREP='/usr/bin/grep -E'
ac_cv_path_FGREP='/usr/bin/grep -F'
ac_cv_path_GREP=/usr/bin/grep
ac_cv_path_SED=/usr/bin/sed
ac_cv_path_ac_pt_PKG_CONFIG=/usr/bin/pkg-config
ac_cv_path_install='/usr/bin/install -c'
ac_cv_path_mkdir=/usr/bin/mkdir
ac_cv_prog_AWK=gawk
ac_cv_prog_CPP='gcc -E'
ac_cv_prog_ac_ct_AR=ar
ac_cv_prog_ac_ct_CC=gcc
ac_cv_prog_ac_ct_OBJDUMP=objdump
ac_cv_prog_ac_ct_RANLIB=ranlib
ac_cv_prog_ac_ct_STRIP=strip
ac_cv_prog_cc_c89=
ac_cv_prog_cc_g=yes
ac_cv_prog_make_make_set=yes
am_cv_CC_dependencies_compiler_type=gcc3
am_cv_make_support_nested_variables=yes
am_cv_prog_cc_c_o=yes
lt_cv_ar_at_file=@
lt_cv_archive_cmds_need_lc=no
lt_cv_deplibs_check_method=pass_all
lt_cv_dlopen=dlopen
lt_cv_dlopen_libs=-ldl
lt_cv_dlopen_self=yes
lt_cv_dlopen_self_static=no
lt_cv_file_magic_cmd='$MAGIC_CMD'
lt_cv_file_magic_test_file=
lt_cv_ld_reload_flag=-r
lt_cv_nm_interface='BSD nm'
lt_cv_objdir=.libs
lt_cv_path_LD=/usr/bin/ld
lt_cv_path_NM='/usr/bin/nm -B'
lt_cv_path_mainfest_tool=no
lt_cv_prog_compiler_c_o=yes
lt_cv_prog_compiler_pic='-fPIC -DPIC'
lt_cv_prog_compiler_pic_works=yes
lt_cv_prog_compiler_rtti_exceptions=no
lt_cv_prog_compiler_static_works=yes
lt_cv_prog_gnu_ld=yes
lt_cv_sharedlib_from_linklib_cmd='printf %s\n'
lt_cv_shlibpath_overrides_runpath=no
lt_cv_sys_global_symbol_pipe='sed -n -e '\''s/^.*[	 ]\([ABCDGIRSTW][ABCDGIRSTW]*\)[	 ][	 ]*\([_A-Za-z][_A-Za-z0-9]*\)$/\1 \2 \2/p'\'' | sed '\''/ __gnu_lto/d'\'''
lt_cv_sys_global_symbol_to_c_name_address='sed -n -e '\''s/^: \([^ ]*\)[ ]*$/  {\"\1\", (void *) 0},/p'\'' -e '\''s/^[ABCDGIRSTW]* \([^ ]*\) \([^ ]*\)$/  {"\2", (void *) \&\2},/p'\'''
lt_cv_sys_global_symbol_to_c_name_address_lib_prefix='sed -n -e '\''s/^: \([^ ]*\)[ ]*$/  {\"\1\", (void *) 0},/p'\'' -e '\''s/^[ABCDGIRSTW]* \([^ ]*\) \(lib[^ ]*\)$/  {"\2", (void *) \&\2},/p'\'' -e '\''s/^[ABCDGIRSTW]* \([^ ]*\) \([^ ]*\)$/  {"lib\2", (void *) \&\2},/p'\'''
lt_cv_sys_global_symbol_to_cdecl='sed -n -e '\''s/^T .* \(.*\)$/extern int \1();/p'\'' -e '\''s/^[ABCDGIRSTW]* .* \(.*\)$/extern char \1;/p'\'''
lt_cv_sys_max_cmd_len=1572864
lt_cv_to_host_file_cmd=func_convert_file_noop
lt_cv_to_tool_file_cmd=func_convert_file_noop
pkg_cv_LIBCONFIGXX_CFLAGS=
pkg_cv_LIBCONFIGXX_LIBS='-lconfig++ '

## ----------------- ##
## Output variables. ##
## ----------------- ##

ACLOCAL='aclocal-1.14'
AMDEPBACKSLASH='\'
AMDEP_FALSE='#'
AMDEP_TRUE=''
AMTAR='$${TAR-tar}'
AM_BACKSLASH='\'
AM_DEFAULT_V='$(AM_DEFAULT_VERBOSITY)'
AM_DEFAULT_VERBOSITY='1'
AM_V='$(V)'
AR='ar'
AUTOCONF='autoconf'
AUTOHEADER='autoheader'
AUTOMAKE='automake-1.14'
AWK='gawk'
CC='gcc'
CCDEPMODE='depmode=gcc3'
CFLAGS='-g -O2'
CPP='gcc -E'
CPPFLAGS=''
CYGPATH_W='echo'
DEFS='-DHAVE_CONFIG_H'
DEPDIR='.deps'
DLLTOOL='false'
DSYMUTIL=''
DUMPBIN=''
ECHO_C=''
ECHO_N='-n'
ECHO_T=''
EGREP='/usr/bin/grep -E'
EXEEXT=''
FGREP='/usr/bin/grep -F'
GREP='/usr/bin/grep'
INSTALL_DATA='${INSTALL} -m 644'
INSTALL_PROGRAM='${INSTALL}'
INSTALL_SCRIPT='${INSTALL}'
INSTALL_STRIP_PROGRAM='$(install_sh) -c -s'
LD='/usr/bin/ld -m elf_x86_64'
LDFLAGS=''
LIBCONFIGXX_CFLAGS=''
LIBCONFIGXX_LIBS='-lconfig++ '
LIBOBJS=''
LIBS=''
LIBTOOL='$(SHELL) $(top_builddir)/libtool'
LIPO=''
LN_S='ln -s'
LTLIBOBJS=''
MAKEINFO='makeinfo'
MANIFEST_TOOL=':'
MKDIR_P='/usr/bin/mkdir -p'
NM='/usr/bin/nm -B'
NMEDIT=''
OBJDUMP='objdump'
OBJEXT='o'
OTOOL64=''
OTOOL=''
PACKAGE='fuego-net'
PACKAGE_BUGREPORT='two.oes@gmail.com'
PACKAGE_NAME='fuego-net'
PACKAGE_STRING='fuego-net 0.1'
PACKAGE_TARNAME='fuego-net'
PACKAGE_URL=''
PACKAGE_VERSION='0.1'
PATH_SEPARATOR=':'
PKG_CONFIG='/usr/bin/pkg-config'
PKG_CONFIG_LIBDIR=''
PKG_CONFIG_PATH=''
RANLIB='ranlib'
SED='/usr/bin/sed'
SET_MAKE=''
SHELL='/bin/sh'
STRIP='strip'
VERSION='0.1'
ac_ct_AR='ar'
ac_ct_CC='gcc'
ac_ct_DUMPBIN=''
am__EXEEXT_FALSE=''
am__EXEEXT_TRUE='#'
am__fastdepCC_FALSE='#'
am__fastdepCC_TRUE=''
am__include='include'
am__isrc=''
am__leading_dot='.'
am__nodep='_no'
am__quote=''
am__tar='$${TAR-tar} chof - "$$tardir"'
am__untar='$${TAR-tar} xf -'
bindir='${exec_prefix}/bin'
build='x86_64-unknown-linux-gnu'
build_alias=''
build_cpu='x86_64'
build_os='linux-gnu'
build_vendor='unknown'
datadir='${datarootdir}'
datarootdir='${prefix}/share'
docdir='${datarootdir}/doc/${PACKAGE_TARNAME}'
dvidir='${docdir}'
exec_prefix='${prefix}'
host='x86_64-unknown-linux-gnu'
host_alias=''
host_cpu='x86_64'
host_os='linux-gnu'
host_vendor='unknown'
htmldir='${docdir}'
includedir='${prefix}/include'
infodir='${datarootdir}/info'
install_sh='${SHELL} /home/oren/Dropbox/projects/fuegonet/install-sh'
libdir='${exec_prefix}/lib'
libexecdir='${exec_prefix}/libexec'
localedir='${datarootdir}/locale'
localstatedir='${prefix}/var'
mandir='${datarootdir}/man'
mkdir_p='$(MKDIR_P)'
oldincludedir='/usr/include'
pdfdir='${docdir}'
prefix='/usr/local'
program_transform_name='s,x,x,'
psdir='${docdir}'
sbindir='${exec_prefix}/sbin'
sharedstatedir='${prefix}/com'
sysconfdir='${prefix}/etc'
target_alias=''

## ----------- ##
## confdefs.h. ##
## ----------- ##

/* confdefs.h */
#define PACKAGE_NAME "fuego-net"
#define PACKAGE_TARNAME "fuego-net"
#define PACKAGE_VERSION "0.1"
#define PACKAGE_STRING "fuego-net 0.1"
#define PACKAGE_BUGREPORT "two.oes@gmail.com"
#define PACKAGE_URL ""
#define PACKAGE "fuego-net"
#define VERSION "0.1"
#define STDC_HEADERS 1
#define HAVE_SYS_TYPES_H 1
#define HAVE_SYS_STAT_H 1
#define HAVE_STDLIB_H 1
#define HAVE_STRING_H 1
#define HAVE_MEMORY_H 1
#define HAVE_STRINGS_H 1
#define HAVE_INTTYPES_H 1
#define HAVE_STDINT_H 1
#define HAVE_UNISTD_H 1
#define HAVE_DLFCN_H 1
#define LT_OBJDIR ".libs/"
#define HAVE_LIBCONFIG_H 1
#define HAVE_STDLIB_H 1
#define HAVE_STRING_H 1
#define HAVE_STRINGS_H 1
#define HAVE_UNISTD_H 1
#define HAVE_STDLIB_H 1
#define HAVE_MALLOC 1

configure: exit 0

## ---------------------- ##
## Running config.status. ##
## ---------------------- ##

This file was extended by fuego-net config.status 0.1, which was
generated by GNU Autoconf 2.69.  Invocation command line was

  CONFIG_FILES    = 
  CONFIG_HEADERS  = 
  CONFIG_LINKS    = 
  CONFIG_COMMANDS = 
  $ ./config.status 

on cabelo.oichman.net

config.status:1099: creating Makefile
config.status:1099: creating include/Makefile
config.status:1099: creating man/Makefile
config.status:1099: creating tools/sim/Makefile
config.status:1099: creating tools/bin/Makefile
config.status:1099: creating tools/sysinfo/Makefile
config.status:1099: creating src/Makefile
config.status:1099: creating config.h
config.status:1280: config.h is unchanged
config.status:1328: executing depfiles commands
config.status:1328: executing libtool commands

## ---------------------- ##
## Running config.status. ##
## ---------------------- ##

This file was extended by fuego-net config.status 0.1, which was
generated by GNU Autoconf 2.69.  Invocation command line was

  CONFIG_FILES    = 
  CONFIG_HEADERS  = 
  CONFIG_LINKS    = 
  CONFIG_COMMANDS = 
  $ ./config.status config.h

on cabelo.oichman.net

config.status:1099: creating config.h
config.status:1280: config.h is unchanged
